The system is: Windows - 10.0.19041 - AMD64
Compiling the C compiler identification source file "CMakeCCompilerId.c" succeeded.
Compiler: C:/Program Files/Microsoft Visual Studio/2022/Enterprise/VC/Tools/MSVC/14.30.30705/bin/Hostx64/x64/cl.exe 
Build flags: 
Id flags:  

The output was:
0
用于 x64 的 Microsoft (R) C/C++ 优化编译器 19.30.30709 版
版权所有(C) Microsoft Corporation。保留所有权利。

CMakeCCompilerId.c
Microsoft (R) Incremental Linker Version 14.30.30709.0
Copyright (C) Microsoft Corporation.  All rights reserved.

/out:CMakeCCompilerId.exe 
CMakeCCompilerId.obj 


Compilation of the C compiler identification source "CMakeCCompilerId.c" produced "CMakeCCompilerId.exe"

Compilation of the C compiler identification source "CMakeCCompilerId.c" produced "CMakeCCompilerId.obj"

The C compiler identification is MSVC, found in "H:/ggsproject/GGS/Custom/gui/SuperImgui/Superimgui/build/Debug/CMakeFiles/3.22.1/CompilerIdC/CMakeCCompilerId.exe"

Compiling the CXX compiler identification source file "CMakeCXXCompilerId.cpp" succeeded.
Compiler: C:/Program Files/Microsoft Visual Studio/2022/Enterprise/VC/Tools/MSVC/14.30.30705/bin/Hostx64/x64/cl.exe 
Build flags: 
Id flags:  

The output was:
0
用于 x64 的 Microsoft (R) C/C++ 优化编译器 19.30.30709 版
版权所有(C) Microsoft Corporation。保留所有权利。

CMakeCXXCompilerId.cpp
Microsoft (R) Incremental Linker Version 14.30.30709.0
Copyright (C) Microsoft Corporation.  All rights reserved.

/out:CMakeCXXCompilerId.exe 
CMakeCXXCompilerId.obj 


Compilation of the CXX compiler identification source "CMakeCXXCompilerId.cpp" produced "CMakeCXXCompilerId.exe"

Compilation of the CXX compiler identification source "CMakeCXXCompilerId.cpp" produced "CMakeCXXCompilerId.obj"

The CXX compiler identification is MSVC, found in "H:/ggsproject/GGS/Custom/gui/SuperImgui/Superimgui/build/Debug/CMakeFiles/3.22.1/CompilerIdCXX/CMakeCXXCompilerId.exe"

Detecting C compiler ABI info compiled with the following output:
Change Dir: H:/ggsproject/GGS/Custom/gui/SuperImgui/Superimgui/build/Debug/CMakeFiles/CMakeTmp

Run Build Command(s):C:/msys64/clang64/bin/mingw32-make.exe -f Makefile cmTC_0c83f/fast && C:/msys64/clang64/bin/mingw32-make.exe  -f CMakeFiles\cmTC_0c83f.dir\build.make CMakeFiles/cmTC_0c83f.dir/build
mingw32-make[1]: Entering directory 'H:/ggsproject/GGS/Custom/gui/SuperImgui/Superimgui/build/Debug/CMakeFiles/CMakeTmp'
Building C object CMakeFiles/cmTC_0c83f.dir/CMakeCCompilerABI.c.obj
"C:\Program Files\CMake\bin\cmake.exe" -E cmake_cl_compile_depends --dep-file=CMakeFiles\cmTC_0c83f.dir\CMakeCCompilerABI.c.obj.d --working-dir=H:\ggsproject\GGS\Custom\gui\SuperImgui\Superimgui\build\Debug\CMakeFiles\CMakeTmp --filter-prefix="娉ㄦ剰: 鍖呭惈鏂囦欢:  " -- C:\PROGRA~1\MICROS~2\2022\ENTERP~1\VC\Tools\MSVC\1430~1.307\bin\Hostx64\x64\cl.exe  /nologo   /DWIN32 /D_WINDOWS /W3  /MDd /Zi /Ob0 /Od /RTC1 /showIncludes /FoCMakeFiles\cmTC_0c83f.dir\CMakeCCompilerABI.c.obj /FdCMakeFiles\cmTC_0c83f.dir/ /FS -c "C:\Program Files\CMake\share\cmake-3.22\Modules\CMakeCCompilerABI.c"
CMakeCCompilerABI.c
?鈷? 鍖呭惈鏂囦欢:  C:\Program Files\CMake\share\cmake-3.22\Modules\CMakeCompilerABI.h
Linking C executable cmTC_0c83f.exe
"C:\Program Files\CMake\bin\cmake.exe" -E cmake_link_script CMakeFiles\cmTC_0c83f.dir\link.txt --verbose=1
"C:\Program Files\CMake\bin\cmake.exe" -E vs_link_exe --intdir=CMakeFiles\cmTC_0c83f.dir --rc=C:\PROGRA~2\WI3CF2~1\10\bin\100203~1.0\x64\rc.exe --mt=C:\PROGRA~2\WI3CF2~1\10\bin\100203~1.0\x64\mt.exe --manifests -- C:\PROGRA~1\MICROS~2\2022\ENTERP~1\VC\Tools\MSVC\1430~1.307\bin\Hostx64\x64\link.exe /nologo @CMakeFiles\cmTC_0c83f.dir\objects1.rsp  /out:cmTC_0c83f.exe /implib:cmTC_0c83f.lib /pdb:H:\ggsproject\GGS\Custom\gui\SuperImgui\Superimgui\build\Debug\CMakeFiles\CMakeTmp\cmTC_0c83f.pdb /version:0.0 /machine:x64  /debug /INCREMENTAL /subsystem:console  kernel32.lib user32.lib gdi32.lib winspool.lib shell32.lib ole32.lib oleaut32.lib uuid.lib comdlg32.lib advapi32.lib 
C:\Windows\System32\WindowsPowerShell\v1.0\powershell.exe -noprofile -executionpolicy Bypass -file H:/envirment/vcpkg/vcpkg/scripts/buildsystems/msbuild/applocal.ps1 -targetBinary H:/ggsproject/GGS/Custom/gui/SuperImgui/Superimgui/build/Debug/CMakeFiles/CMakeTmp/cmTC_0c83f.exe -installedDir H:/envirment/vcpkg/vcpkg/installed/x64-windows/debug/bin -OutVariable out
mingw32-make[1]: Leaving directory 'H:/ggsproject/GGS/Custom/gui/SuperImgui/Superimgui/build/Debug/CMakeFiles/CMakeTmp'



Detecting CXX compiler ABI info compiled with the following output:
Change Dir: H:/ggsproject/GGS/Custom/gui/SuperImgui/Superimgui/build/Debug/CMakeFiles/CMakeTmp

Run Build Command(s):C:/msys64/clang64/bin/mingw32-make.exe -f Makefile cmTC_b325d/fast && C:/msys64/clang64/bin/mingw32-make.exe  -f CMakeFiles\cmTC_b325d.dir\build.make CMakeFiles/cmTC_b325d.dir/build
mingw32-make[1]: Entering directory 'H:/ggsproject/GGS/Custom/gui/SuperImgui/Superimgui/build/Debug/CMakeFiles/CMakeTmp'
Building CXX object CMakeFiles/cmTC_b325d.dir/CMakeCXXCompilerABI.cpp.obj
"C:\Program Files\CMake\bin\cmake.exe" -E cmake_cl_compile_depends --dep-file=CMakeFiles\cmTC_b325d.dir\CMakeCXXCompilerABI.cpp.obj.d --working-dir=H:\ggsproject\GGS\Custom\gui\SuperImgui\Superimgui\build\Debug\CMakeFiles\CMakeTmp --filter-prefix="娉ㄦ剰: 鍖呭惈鏂囦欢:  " -- C:\PROGRA~1\MICROS~2\2022\ENTERP~1\VC\Tools\MSVC\1430~1.307\bin\Hostx64\x64\cl.exe  /nologo /TP   /DWIN32 /D_WINDOWS /W3 /GR /EHsc  /MDd /Zi /Ob0 /Od /RTC1 /showIncludes /FoCMakeFiles\cmTC_b325d.dir\CMakeCXXCompilerABI.cpp.obj /FdCMakeFiles\cmTC_b325d.dir/ /FS -c "C:\Program Files\CMake\share\cmake-3.22\Modules\CMakeCXXCompilerABI.cpp"
CMakeCXXCompilerABI.cpp
?鈷? 鍖呭惈鏂囦欢:  C:\Program Files\CMake\share\cmake-3.22\Modules\CMakeCompilerABI.h
Linking CXX executable cmTC_b325d.exe
"C:\Program Files\CMake\bin\cmake.exe" -E cmake_link_script CMakeFiles\cmTC_b325d.dir\link.txt --verbose=1
"C:\Program Files\CMake\bin\cmake.exe" -E vs_link_exe --intdir=CMakeFiles\cmTC_b325d.dir --rc=C:\PROGRA~2\WI3CF2~1\10\bin\100203~1.0\x64\rc.exe --mt=C:\PROGRA~2\WI3CF2~1\10\bin\100203~1.0\x64\mt.exe --manifests -- C:\PROGRA~1\MICROS~2\2022\ENTERP~1\VC\Tools\MSVC\1430~1.307\bin\Hostx64\x64\link.exe /nologo @CMakeFiles\cmTC_b325d.dir\objects1.rsp  /out:cmTC_b325d.exe /implib:cmTC_b325d.lib /pdb:H:\ggsproject\GGS\Custom\gui\SuperImgui\Superimgui\build\Debug\CMakeFiles\CMakeTmp\cmTC_b325d.pdb /version:0.0 /machine:x64  /debug /INCREMENTAL /subsystem:console  kernel32.lib user32.lib gdi32.lib winspool.lib shell32.lib ole32.lib oleaut32.lib uuid.lib comdlg32.lib advapi32.lib 
C:\Windows\System32\WindowsPowerShell\v1.0\powershell.exe -noprofile -executionpolicy Bypass -file H:/envirment/vcpkg/vcpkg/scripts/buildsystems/msbuild/applocal.ps1 -targetBinary H:/ggsproject/GGS/Custom/gui/SuperImgui/Superimgui/build/Debug/CMakeFiles/CMakeTmp/cmTC_b325d.exe -installedDir H:/envirment/vcpkg/vcpkg/installed/x64-windows/debug/bin -OutVariable out
mingw32-make[1]: Leaving directory 'H:/ggsproject/GGS/Custom/gui/SuperImgui/Superimgui/build/Debug/CMakeFiles/CMakeTmp'



